  main.cpp
D:\Engine\MyEngine\My Engine\My Engine Core\src\main.cpp(151,16): warning C4244: “初始化”: 从“int”转换到“GLfloat”，可能丢失数据
D:\Engine\MyEngine\My Engine\My Engine Core\src\main.cpp(152,16): warning C4244: “初始化”: 从“int”转换到“GLfloat”，可能丢失数据
D:\Engine\MyEngine\My Engine\My Engine Core\src\main.cpp(161,28): warning C4244: “=”: 从“double”转换到“GLfloat”，可能丢失数据
D:\Engine\MyEngine\My Engine\My Engine Core\src\main.cpp(162,28): warning C4244: “=”: 从“double”转换到“GLfloat”，可能丢失数据
D:\Engine\MyEngine\My Engine\My Engine Core\src\main.cpp(165,65): warning C4244: “参数”: 从“double”转换到“GLfloat”，可能丢失数据
D:\Engine\MyEngine\My Engine\My Engine Core\src\main.cpp(165,50): warning C4244: “参数”: 从“double”转换到“GLfloat”，可能丢失数据
D:\Engine\MyEngine\My Engine\My Engine Core\src\main.cpp(166,27): warning C4244: “=”: 从“double”转换到“GLfloat”，可能丢失数据
D:\Engine\MyEngine\My Engine\My Engine Core\src\main.cpp(167,27): warning C4244: “=”: 从“double”转换到“GLfloat”，可能丢失数据
D:\Engine\MyEngine\My Engine\My Engine Core\src\main.cpp(170,60): warning C4244: “参数”: 从“GLdouble”转换到“GLfloat”，可能丢失数据
D:\Engine\MyEngine\My Engine\My Engine Core\src\main.cpp(172,61): warning C4244: “参数”: 从“GLdouble”转换到“GLfloat”，可能丢失数据
D:\Engine\MyEngine\My Engine\My Engine Core\src\main.cpp(174,57): warning C4244: “参数”: 从“GLdouble”转换到“GLfloat”，可能丢失数据
D:\Engine\MyEngine\My Engine\My Engine Core\src\main.cpp(176,58): warning C4244: “参数”: 从“GLdouble”转换到“GLfloat”，可能丢失数据
D:\Engine\MyEngine\My Engine\My Engine Core\src\main.cpp(179,48): warning C4244: “参数”: 从“double”转换到“GLfloat”，可能丢失数据
D:\Engine\MyEngine\My Engine\My Engine Core\src\main.cpp(185,22): warning C4244: “=”: 从“double”转换到“T”，可能丢失数据
D:\Engine\MyEngine\My Engine\My Engine Core\src\main.cpp(185,22): warning C4244:         with
D:\Engine\MyEngine\My Engine\My Engine Core\src\main.cpp(185,22): warning C4244:         [
D:\Engine\MyEngine\My Engine\My Engine Core\src\main.cpp(185,22): warning C4244:             T=float
D:\Engine\MyEngine\My Engine\My Engine Core\src\main.cpp(185,22): warning C4244:         ]
D:\Engine\MyEngine\My Engine\My Engine Core\src\main.cpp(186,22): warning C4244: “=”: 从“double”转换到“T”，可能丢失数据
D:\Engine\MyEngine\My Engine\My Engine Core\src\main.cpp(186,22): warning C4244:         with
D:\Engine\MyEngine\My Engine\My Engine Core\src\main.cpp(186,22): warning C4244:         [
D:\Engine\MyEngine\My Engine\My Engine Core\src\main.cpp(186,22): warning C4244:             T=float
D:\Engine\MyEngine\My Engine\My Engine Core\src\main.cpp(186,22): warning C4244:         ]
D:\Engine\MyEngine\My Engine\My Engine Core\src\main.cpp(187,22): warning C4244: “=”: 从“double”转换到“T”，可能丢失数据
D:\Engine\MyEngine\My Engine\My Engine Core\src\main.cpp(187,22): warning C4244:         with
D:\Engine\MyEngine\My Engine\My Engine Core\src\main.cpp(187,22): warning C4244:         [
D:\Engine\MyEngine\My Engine\My Engine Core\src\main.cpp(187,22): warning C4244:             T=float
D:\Engine\MyEngine\My Engine\My Engine Core\src\main.cpp(187,22): warning C4244:         ]
  My Engine Core.vcxproj -> D:\Engine\MyEngine\My Engine\x64\Debug\My Engine Core.exe
