d:\engine\my engine\my engine core\x64\debug\vc143.pdb
d:\engine\my engine\my engine core\x64\debug\vc143.idb
d:\engine\my engine\my engine core\x64\debug\timer.obj
d:\engine\my engine\my engine core\x64\debug\time.obj
d:\engine\my engine\my engine core\x64\debug\fileutils.obj
d:\engine\my engine\my engine core\x64\debug\vertexarray.obj
d:\engine\my engine\my engine core\x64\debug\indexbuffer.obj
d:\engine\my engine\my engine core\x64\debug\mesh.obj
d:\engine\my engine\my engine core\x64\debug\fpscamera.obj
d:\engine\my engine\my engine core\x64\debug\logger.obj
d:\engine\my engine\my engine core\x64\debug\terrain.obj
d:\engine\my engine\my engine core\x64\debug\utility.obj
d:\engine\my engine\my engine core\x64\debug\buffer.obj
d:\engine\my engine\my engine core\x64\debug\main.obj
d:\engine\my engine\my engine core\x64\debug\window.obj
d:\engine\my engine\my engine core\x64\debug\shader.obj
d:\engine\my engine\my engine core\x64\debug\model.obj
d:\engine\my engine\my engine core\x64\debug\scene3d.obj
d:\engine\my engine\my engine core\x64\debug\renderable3d.obj
d:\engine\my engine\my engine core\x64\debug\renderer.obj
d:\engine\my engine\x64\debug\my engine core.exe
d:\engine\my engine\x64\debug\my engine core.pdb
d:\engine\my engine\my engine core\x64\debug\my engine core.ilk
d:\engine\my engine\my engine core\x64\debug\my engine core.tlog\cl.command.1.tlog
d:\engine\my engine\my engine core\x64\debug\my engine core.tlog\cl.items.tlog
d:\engine\my engine\my engine core\x64\debug\my engine core.tlog\cl.read.1.tlog
d:\engine\my engine\my engine core\x64\debug\my engine core.tlog\cl.write.1.tlog
d:\engine\my engine\my engine core\x64\debug\my engine core.tlog\link.command.1.tlog
d:\engine\my engine\my engine core\x64\debug\my engine core.tlog\link.read.1.tlog
d:\engine\my engine\my engine core\x64\debug\my engine core.tlog\link.secondary.1.tlog
d:\engine\my engine\my engine core\x64\debug\my engine core.tlog\link.write.1.tlog
