  FPSCamera.cpp
  main.cpp
D:\Engine\My Engine\My Engine Core\src\main.cpp(156,16): warning C4244: “初始化”: 从“int”转换到“GLfloat”，可能丢失数据
D:\Engine\My Engine\My Engine Core\src\main.cpp(157,16): warning C4244: “初始化”: 从“int”转换到“GLfloat”，可能丢失数据
D:\Engine\My Engine\My Engine Core\src\main.cpp(166,28): warning C4244: “=”: 从“double”转换到“GLfloat”，可能丢失数据
D:\Engine\My Engine\My Engine Core\src\main.cpp(167,28): warning C4244: “=”: 从“double”转换到“GLfloat”，可能丢失数据
D:\Engine\My Engine\My Engine Core\src\main.cpp(170,65): warning C4244: “参数”: 从“double”转换到“GLfloat”，可能丢失数据
D:\Engine\My Engine\My Engine Core\src\main.cpp(170,50): warning C4244: “参数”: 从“double”转换到“GLfloat”，可能丢失数据
D:\Engine\My Engine\My Engine Core\src\main.cpp(171,27): warning C4244: “=”: 从“double”转换到“GLfloat”，可能丢失数据
D:\Engine\My Engine\My Engine Core\src\main.cpp(172,27): warning C4244: “=”: 从“double”转换到“GLfloat”，可能丢失数据
D:\Engine\My Engine\My Engine Core\src\main.cpp(175,73): warning C4244: “参数”: 从“GLdouble”转换到“GLfloat”，可能丢失数据
D:\Engine\My Engine\My Engine Core\src\main.cpp(177,74): warning C4244: “参数”: 从“GLdouble”转换到“GLfloat”，可能丢失数据
D:\Engine\My Engine\My Engine Core\src\main.cpp(179,70): warning C4244: “参数”: 从“GLdouble”转换到“GLfloat”，可能丢失数据
D:\Engine\My Engine\My Engine Core\src\main.cpp(181,71): warning C4244: “参数”: 从“GLdouble”转换到“GLfloat”，可能丢失数据
D:\Engine\My Engine\My Engine Core\src\main.cpp(183,73): warning C4244: “参数”: 从“GLdouble”转换到“GLfloat”，可能丢失数据
D:\Engine\My Engine\My Engine Core\src\main.cpp(185,75): warning C4244: “参数”: 从“GLdouble”转换到“GLfloat”，可能丢失数据
D:\Engine\My Engine\My Engine Core\src\main.cpp(188,48): warning C4244: “参数”: 从“double”转换到“GLfloat”，可能丢失数据
D:\Engine\My Engine\My Engine Core\src\main.cpp(193,35): warning C4244: “=”: 从“double”转换到“T”，可能丢失数据
D:\Engine\My Engine\My Engine Core\src\main.cpp(193,35): warning C4244:         with
D:\Engine\My Engine\My Engine Core\src\main.cpp(193,35): warning C4244:         [
D:\Engine\My Engine\My Engine Core\src\main.cpp(193,35): warning C4244:             T=float
D:\Engine\My Engine\My Engine Core\src\main.cpp(193,35): warning C4244:         ]
D:\Engine\My Engine\My Engine Core\src\main.cpp(194,35): warning C4244: “=”: 从“double”转换到“T”，可能丢失数据
D:\Engine\My Engine\My Engine Core\src\main.cpp(194,35): warning C4244:         with
D:\Engine\My Engine\My Engine Core\src\main.cpp(194,35): warning C4244:         [
D:\Engine\My Engine\My Engine Core\src\main.cpp(194,35): warning C4244:             T=float
D:\Engine\My Engine\My Engine Core\src\main.cpp(194,35): warning C4244:         ]
  正在生成代码...
glew32s.lib(glew.obj) : warning LNK4099: 未找到 PDB“”(使用“glew32s.lib(glew.obj)”或在“”中寻找)；正在链接对象，如同没有调试信息一样
LINK : warning LNK4098: 默认库“MSVCRT”与其他库的使用冲突；请使用 /NODEFAULTLIB:library
LINK : warning LNK4098: 默认库“LIBCMT”与其他库的使用冲突；请使用 /NODEFAULTLIB:library
  My Engine Core.vcxproj -> D:\Engine\My Engine\x64\Debug\My Engine Core.exe
